<?xml version="1.0" encoding="UTF-8"?>
<!-- Generated by org.testng.reporters.JUnitXMLReporter -->
<testsuite hostname="DESKTOP-B963EQU" ignored="0" name="Default test" tests="5" failures="0" timestamp="25 mar 2020 05:10:57 GMT" time="58.094" errors="0">
  <testcase name="BuscarExistente" time="1.8" classname="testCases.tests"/>
  <testcase name="BuscarNoExistente" time="1.141" classname="testCases.tests"/>
  <testcase name="Dress" time="3.817" classname="testCases.tests"/>
  <testcase name="Women" time="4.488" classname="testCases.tests"/>
  <testcase name="loguearse" time="3.01" classname="testCases.tests"/>
</testsuite> <!-- Default test -->
