<?xml version="1.0" encoding="UTF-8"?>
<testng-results skipped="0" failed="0" ignored="0" total="1" passed="1">
  <reporter-output>
  </reporter-output>
  <suite name="Default suite" duration-ms="16155" started-at="2020-03-04T13:33:08 ART" finished-at="2020-03-04T13:33:24 ART">
    <groups>
    </groups>
    <test name="Default test" duration-ms="16155" started-at="2020-03-04T13:33:08 ART" finished-at="2020-03-04T13:33:24 ART">
      <class name="resultstest.SearchTest">
        <test-method status="PASS" signature="noresults()[pri:0, instance:resultstest.SearchTest@4d41cee]" name="noresults" duration-ms="16075" started-at="2020-03-04T13:33:08 ART" finished-at="2020-03-04T13:33:24 ART">
          <reporter-output>
          </reporter-output>
        </test-method> <!-- noresults -->
      </class> <!-- resultstest.SearchTest -->
    </test> <!-- Default test -->
  </suite> <!-- Default suite -->
</testng-results>
